<?xml version="1.0" encoding="UTF-8"?>
<testng-results ignored="0" total="1" passed="1" failed="0" skipped="0">
  <reporter-output>
    <line>
      <![CDATA[---Data base connection Estabilishes---]]>
    </line>
    <line>
      <![CDATA[Browser got launch]]>
    </line>
    <line>
      <![CDATA[navigated to login page]]>
    </line>
    <line>
      <![CDATA[login sucessfullt]]>
    </line>
    <line>
      <![CDATA[product page created sucsessfully]]>
    </line>
    <line>
      <![CDATA[[ PRO11 ] real me - Product Information]]>
    </line>
    <line>
      <![CDATA[logout sucsessfully]]>
    </line>
    <line>
      <![CDATA[Browser closed secssesfully]]>
    </line>
    <line>
      <![CDATA[---database connection disconnected--]]>
    </line>
  </reporter-output>
  <suite started-at="2025-07-30T15:21:49 IST" name="Default suite" finished-at="2025-07-30T15:22:11 IST" duration-ms="22772">
    <groups>
    </groups>
    <test started-at="2025-07-30T15:21:49 IST" name="Default test" finished-at="2025-07-30T15:22:11 IST" duration-ms="22772">
      <class name="vTiger.Product.ToCreatProductPage">
        <test-method is-config="true" signature="beforeSuiteConfig()[pri:0, instance:vTiger.Product.ToCreatProductPage@4802796d]" started-at="2025-07-30T15:21:48 IST" name="beforeSuiteConfig" finished-at="2025-07-30T15:21:49 IST" duration-ms="15" status="PASS">
          <reporter-output>
            <line>
              <![CDATA[---Data base connection Estabilishes---]]>
            </line>
          </reporter-output>
        </test-method> <!-- beforeSuiteConfig -->
        <test-method is-config="true" signature="beforeClassConfig()[pri:0, instance:vTiger.Product.ToCreatProductPage@4802796d]" started-at="2025-07-30T15:21:49 IST" name="beforeClassConfig" finished-at="2025-07-30T15:21:53 IST" duration-ms="4570" status="PASS">
          <reporter-output>
            <line>
              <![CDATA[Browser got launch]]>
            </line>
            <line>
              <![CDATA[navigated to login page]]>
            </line>
          </reporter-output>
        </test-method> <!-- beforeClassConfig -->
        <test-method is-config="true" signature="beforeMethodConfig()[pri:0, instance:vTiger.Product.ToCreatProductPage@4802796d]" started-at="2025-07-30T15:21:53 IST" name="beforeMethodConfig" finished-at="2025-07-30T15:21:53 IST" duration-ms="235" status="PASS">
          <reporter-output>
            <line>
              <![CDATA[login sucessfullt]]>
            </line>
          </reporter-output>
        </test-method> <!-- beforeMethodConfig -->
        <test-method signature="tocreateProductPage()[pri:0, instance:vTiger.Product.ToCreatProductPage@4802796d]" started-at="2025-07-30T15:21:53 IST" name="tocreateProductPage" finished-at="2025-07-30T15:22:09 IST" duration-ms="15418" status="PASS">
          <reporter-output>
            <line>
              <![CDATA[product page created sucsessfully]]>
            </line>
            <line>
              <![CDATA[[ PRO11 ] real me - Product Information]]>
            </line>
          </reporter-output>
        </test-method> <!-- tocreateProductPage -->
        <test-method is-config="true" signature="afterMethodConfig()[pri:0, instance:vTiger.Product.ToCreatProductPage@4802796d]" started-at="2025-07-30T15:22:09 IST" name="afterMethodConfig" finished-at="2025-07-30T15:22:11 IST" duration-ms="2009" status="PASS">
          <reporter-output>
            <line>
              <![CDATA[logout sucsessfully]]>
            </line>
          </reporter-output>
        </test-method> <!-- afterMethodConfig -->
        <test-method is-config="true" signature="afterClass()[pri:0, instance:vTiger.Product.ToCreatProductPage@4802796d]" started-at="2025-07-30T15:22:11 IST" name="afterClass" finished-at="2025-07-30T15:22:11 IST" duration-ms="490" status="PASS">
          <reporter-output>
            <line>
              <![CDATA[Browser closed secssesfully]]>
            </line>
          </reporter-output>
        </test-method> <!-- afterClass -->
        <test-method is-config="true" signature="afterSuitConfig()[pri:0, instance:vTiger.Product.ToCreatProductPage@4802796d]" started-at="2025-07-30T15:22:11 IST" name="afterSuitConfig" finished-at="2025-07-30T15:22:11 IST" duration-ms="0" status="PASS">
          <reporter-output>
            <line>
              <![CDATA[---database connection disconnected--]]>
            </line>
          </reporter-output>
        </test-method> <!-- afterSuitConfig -->
      </class> <!-- vTiger.Product.ToCreatProductPage -->
    </test> <!-- Default test -->
  </suite> <!-- Default suite -->
</testng-results>
