<?xml version="1.0" encoding="UTF-8"?>
<!-- Generated by org.testng.reporters.JUnitXMLReporter -->
<testsuite ignored="6" hostname="Villain" failures="0" tests="3" name="Default test" time="62.463" errors="0" timestamp="2025-07-30T14:12:47 IST">
  <testcase classname="vTiger.organisationTest.toCreateOrganizationTest" name="toCreateOrganizationTest_002" time="14.775"/>
  <testcase classname="vTiger.Product.ToCreatProductPage" name="tocreateProductPage" time="7.265"/>
  <testcase classname="vTiger.ContactTests.toCreateContactTest" name="toCreateContactTest_001" time="12.472"/>
  <testcase classname="vTiger.GenericUtility.BaseClass" name="@BeforeSuite beforeSuiteConfig" time="0.0">
    <ignored/>
  </testcase> <!-- @BeforeSuite beforeSuiteConfig -->
  <testcase classname="vTiger.GenericUtility.BaseClass" name="@BeforeSuite beforeSuiteConfig" time="0.0">
    <ignored/>
  </testcase> <!-- @BeforeSuite beforeSuiteConfig -->
  <testcase classname="vTiger.GenericUtility.BaseClass" name="@BeforeSuite beforeSuiteConfig" time="0.0">
    <ignored/>
  </testcase> <!-- @BeforeSuite beforeSuiteConfig -->
  <testcase classname="vTiger.GenericUtility.BaseClass" name="@AfterSuite afterSuitConfig" time="0.0">
    <ignored/>
  </testcase> <!-- @AfterSuite afterSuitConfig -->
  <testcase classname="vTiger.GenericUtility.BaseClass" name="@AfterSuite afterSuitConfig" time="0.0">
    <ignored/>
  </testcase> <!-- @AfterSuite afterSuitConfig -->
  <testcase classname="vTiger.GenericUtility.BaseClass" name="@AfterSuite afterSuitConfig" time="0.0">
    <ignored/>
  </testcase> <!-- @AfterSuite afterSuitConfig -->
</testsuite> <!-- Default test -->
